{"meta": {"format": 3, "version": "7.11.0", "timestamp": "2025-11-17T15:48:22.072797", "branch_coverage": false, "show_contexts": false}, "files": {"basalt/observability/decorators.py": {"executed_lines": [1, 3, 5, 6, 7, 8, 9, 10, 11, 12, 14, 16, 22, 25, 28, 31, 34, 37, 42, 43, 45, 46, 47, 48, 49, 50, 52, 53, 56, 59, 87, 88, 89, 94, 97, 109, 118, 119, 120, 125, 132, 133, 135, 136, 137, 153, 160, 161, 162, 163, 164, 165, 166, 168, 182, 190, 191, 192, 198, 199, 201, 203, 204, 208, 215, 216, 223, 244, 246, 248, 249, 250, 251, 252, 253, 254, 255, 256, 258, 268, 274, 283, 284, 285, 286, 287, 288, 289, 291, 292, 294, 295, 302, 304, 305, 306, 307, 308, 309, 310, 311, 312, 314, 324, 330, 339, 340, 341, 342, 343, 344, 345, 346, 347, 348, 350, 351, 358, 361, 362, 364, 365, 366, 367, 370, 371, 372, 373, 377, 378, 379, 382, 383, 384, 385, 389, 390, 391, 394, 395, 396, 397, 398, 401, 402, 403, 404, 408, 409, 410, 413, 414, 416, 417, 418, 419, 424, 425, 427, 430, 431, 432, 446, 449, 450, 451, 452, 453, 454, 455, 456, 457, 468, 469, 470, 471, 480, 482, 483, 484, 485, 486, 489, 490, 492, 493, 494, 495, 496, 497, 498, 501, 502, 503, 504, 505, 506, 507, 510, 574, 577, 578, 591, 592, 603, 604, 617, 618, 630, 631, 643, 644, 658, 664, 680, 681, 682, 698, 701, 731, 732, 734, 735, 737, 738, 740, 741, 743, 761, 764, 778, 779, 780, 781, 783, 784, 785, 786, 788, 803, 806, 822, 823, 824, 826, 827, 829, 830, 831, 833, 834, 835, 836, 837, 838, 840, 855, 858, 873, 874, 875, 877, 878, 879, 880, 882, 897, 900, 915, 916, 917, 919, 920, 921, 922, 923, 924, 925, 927, 942, 946, 966, 971, 986, 1006, 1011, 1026, 1044, 1049, 1062, 1082, 1087, 1102, 1121, 1126, 1140, 1159, 1164, 1178], "summary": {"covered_lines": 297, "num_statements": 444, "percent_covered": 66.89189189189189, "percent_covered_display": "67", "missing_lines": 147, "excluded_lines": 10}, "missing_lines": [90, 91, 92, 93, 102, 103, 104, 105, 106, 121, 122, 134, 138, 139, 140, 141, 142, 143, 144, 145, 150, 167, 169, 170, 171, 172, 173, 174, 179, 193, 194, 195, 196, 200, 202, 205, 217, 218, 219, 220, 269, 272, 273, 275, 280, 281, 290, 293, 325, 328, 329, 331, 336, 337, 349, 363, 374, 386, 405, 415, 420, 421, 426, 428, 433, 434, 435, 436, 437, 438, 439, 440, 441, 442, 443, 444, 447, 458, 459, 460, 462, 463, 464, 465, 472, 473, 474, 475, 476, 477, 478, 479, 481, 491, 828, 1226, 1227, 1228, 1229, 1231, 1233, 1234, 1235, 1236, 1237, 1239, 1240, 1242, 1243, 1244, 1245, 1247, 1249, 1250, 1251, 1252, 1253, 1254, 1255, 1256, 1257, 1258, 1259, 1260, 1261, 1263, 1265, 1266, 1267, 1268, 1270, 1273, 1274, 1276, 1277, 1279, 1281, 1282, 1283, 1284, 1286, 1289, 1290, 1292, 1293, 1295, 1297], "excluded_lines": [296, 297, 298, 299, 300, 352, 353, 354, 355, 356], "functions": {"_resolve_attributes": {"executed_lines": [87, 88, 89, 94], "summary": {"covered_lines": 4, "num_statements": 8, "percent_covered": 50.0, "percent_covered_display": "50", "missing_lines": 4, "excluded_lines": 0}, "missing_lines": [90, 91, 92, 93], "excluded_lines": []}, "_bind_args": {"executed_lines": [], "summary": {"covered_lines": 0, "num_statements": 5, "percent_covered": 0.0, "percent_covered_display": "0", "missing_lines": 5, "excluded_lines": 0}, "missing_lines": [102, 103, 104, 105, 106], "excluded_lines": []}, "_resolve_bound_arguments": {"executed_lines": [118, 119, 120], "summary": {"covered_lines": 3, "num_statements": 5, "percent_covered": 60.0, "percent_covered_display": "60", "missing_lines": 2, "excluded_lines": 0}, "missing_lines": [121, 122], "excluded_lines": []}, "_resolve_payload_from_bound": {"executed_lines": [132, 133, 135, 136, 137], "summary": {"covered_lines": 5, "num_statements": 15, "percent_covered": 33.333333333333336, "percent_covered_display": "33", "missing_lines": 10, "excluded_lines": 0}, "missing_lines": [134, 138, 139, 140, 141, 142, 143, 144, 145, 150], "excluded_lines": []}, "_resolve_variables_payload": {"executed_lines": [160, 161, 162, 163, 164, 165, 166, 168], "summary": {"covered_lines": 8, "num_statements": 16, "percent_covered": 50.0, "percent_covered_display": "50", "missing_lines": 8, "excluded_lines": 0}, "missing_lines": [167, 169, 170, 171, 172, 173, 174, 179], "excluded_lines": []}, "_resolve_evaluators_payload": {"executed_lines": [190, 191, 192, 198, 199, 201, 203, 204], "summary": {"covered_lines": 8, "num_statements": 15, "percent_covered": 53.333333333333336, "percent_covered_display": "53", "missing_lines": 7, "excluded_lines": 0}, "missing_lines": [193, 194, 195, 196, 200, 202, 205], "excluded_lines": []}, "_resolve_identity_payload": {"executed_lines": [215, 216], "summary": {"covered_lines": 2, "num_statements": 6, "percent_covered": 33.333333333333336, "percent_covered_display": "33", "missing_lines": 4, "excluded_lines": 0}, "missing_lines": [217, 218, 219, 220], "excluded_lines": []}, "_wrap_with_span": {"executed_lines": [244, 246, 248, 249, 302, 304, 305, 358], "summary": {"covered_lines": 8, "num_statements": 8, "percent_covered": 100.0, "percent_covered_display": "100", "missing_lines": 0, "excluded_lines": 0}, "missing_lines": [], "excluded_lines": []}, "_wrap_with_span.async_wrapper": {"executed_lines": [250, 251, 252, 253, 254, 255, 256, 258, 268, 274, 283, 284, 285, 286, 287, 288, 289, 291, 292, 294, 295], "summary": {"covered_lines": 21, "num_statements": 29, "percent_covered": 72.41379310344827, "percent_covered_display": "72", "missing_lines": 8, "excluded_lines": 5}, "missing_lines": [269, 272, 273, 275, 280, 281, 290, 293], "excluded_lines": [296, 297, 298, 299, 300]}, "_wrap_with_span.sync_wrapper": {"executed_lines": [306, 307, 308, 309, 310, 311, 312, 314, 324, 330, 339, 340, 341, 342, 343, 344, 345, 346, 347, 348, 350, 351], "summary": {"covered_lines": 22, "num_statements": 29, "percent_covered": 75.86206896551724, "percent_covered_display": "76", "missing_lines": 7, "excluded_lines": 5}, "missing_lines": [325, 328, 329, 331, 336, 337, 349], "excluded_lines": [352, 353, 354, 355, 356]}, "_extract_first": {"executed_lines": [362, 364, 365, 366, 367], "summary": {"covered_lines": 5, "num_statements": 6, "percent_covered": 83.33333333333333, "percent_covered_display": "83", "missing_lines": 1, "excluded_lines": 0}, "missing_lines": [363], "excluded_lines": []}, "_default_generation_input": {"executed_lines": [371, 372, 373], "summary": {"covered_lines": 3, "num_statements": 4, "percent_covered": 75.0, "percent_covered_display": "75", "missing_lines": 1, "excluded_lines": 0}, "missing_lines": [374], "excluded_lines": []}, "_default_generation_variables": {"executed_lines": [378, 379], "summary": {"covered_lines": 2, "num_statements": 2, "percent_covered": 100.0, "percent_covered_display": "100", "missing_lines": 0, "excluded_lines": 0}, "missing_lines": [], "excluded_lines": []}, "_default_retrieval_input": {"executed_lines": [383, 384, 385], "summary": {"covered_lines": 3, "num_statements": 4, "percent_covered": 75.0, "percent_covered_display": "75", "missing_lines": 1, "excluded_lines": 0}, "missing_lines": [386], "excluded_lines": []}, "_default_retrieval_variables": {"executed_lines": [390, 391], "summary": {"covered_lines": 2, "num_statements": 2, "percent_covered": 100.0, "percent_covered_display": "100", "missing_lines": 0, "excluded_lines": 0}, "missing_lines": [], "excluded_lines": []}, "_default_tool_input": {"executed_lines": [395, 396, 397, 398], "summary": {"covered_lines": 4, "num_statements": 4, "percent_covered": 100.0, "percent_covered_display": "100", "missing_lines": 0, "excluded_lines": 0}, "missing_lines": [], "excluded_lines": []}, "_default_event_input": {"executed_lines": [402, 403, 404], "summary": {"covered_lines": 3, "num_statements": 4, "percent_covered": 75.0, "percent_covered_display": "75", "missing_lines": 1, "excluded_lines": 0}, "missing_lines": [405], "excluded_lines": []}, "_default_function_variables": {"executed_lines": [409, 410], "summary": {"covered_lines": 2, "num_statements": 2, "percent_covered": 100.0, "percent_covered_display": "100", "missing_lines": 0, "excluded_lines": 0}, "missing_lines": [], "excluded_lines": []}, "_serialize_prompt": {"executed_lines": [414, 416, 417, 418, 419], "summary": {"covered_lines": 5, "num_statements": 8, "percent_covered": 62.5, "percent_covered_display": "62", "missing_lines": 3, "excluded_lines": 0}, "missing_lines": [415, 420, 421], "excluded_lines": []}, "_extract_completion": {"executed_lines": [425, 427, 430, 431, 432, 446, 449, 450, 451, 452, 453, 454, 455, 456, 457], "summary": {"covered_lines": 15, "num_statements": 37, "percent_covered": 40.54054054054054, "percent_covered_display": "41", "missing_lines": 22, "excluded_lines": 0}, "missing_lines": [426, 428, 433, 434, 435, 436, 437, 438, 439, 440, 441, 442, 443, 444, 447, 458, 459, 460, 462, 463, 464, 465], "excluded_lines": []}, "_extract_usage": {"executed_lines": [469, 470, 471, 480, 482, 483, 484, 485, 486], "summary": {"covered_lines": 9, "num_statements": 18, "percent_covered": 50.0, "percent_covered_display": "50", "missing_lines": 9, "excluded_lines": 0}, "missing_lines": [472, 473, 474, 475, 476, 477, 478, 479, 481], "excluded_lines": []}, "_apply_llm_request_metadata": {"executed_lines": [490, 492, 493, 494, 495, 496, 497, 498], "summary": {"covered_lines": 8, "num_statements": 9, "percent_covered": 88.88888888888889, "percent_covered_display": "89", "missing_lines": 1, "excluded_lines": 0}, "missing_lines": [491], "excluded_lines": []}, "_apply_llm_response_metadata": {"executed_lines": [502, 503, 504, 505, 506, 507], "summary": {"covered_lines": 6, "num_statements": 6, "percent_covered": 100.0, "percent_covered_display": "100", "missing_lines": 0, "excluded_lines": 0}, "missing_lines": [], "excluded_lines": []}, "observe": {"executed_lines": [574, 577, 578, 591, 592, 603, 604, 617, 618, 630, 631, 643, 644, 658], "summary": {"covered_lines": 14, "num_statements": 14, "percent_covered": 100.0, "percent_covered_display": "100", "missing_lines": 0, "excluded_lines": 0}, "missing_lines": [], "excluded_lines": []}, "observe_span": {"executed_lines": [680, 698], "summary": {"covered_lines": 2, "num_statements": 2, "percent_covered": 100.0, "percent_covered_display": "100", "missing_lines": 0, "excluded_lines": 0}, "missing_lines": [], "excluded_lines": []}, "observe_span.decorator": {"executed_lines": [681, 682], "summary": {"covered_lines": 2, "num_statements": 2, "percent_covered": 100.0, "percent_covered_display": "100", "missing_lines": 0, "excluded_lines": 0}, "missing_lines": [], "excluded_lines": []}, "observe_generation": {"executed_lines": [731, 761], "summary": {"covered_lines": 2, "num_statements": 2, "percent_covered": 100.0, "percent_covered_display": "100", "missing_lines": 0, "excluded_lines": 0}, "missing_lines": [], "excluded_lines": []}, "observe_generation.decorator": {"executed_lines": [732, 734, 737, 740, 741, 743], "summary": {"covered_lines": 6, "num_statements": 6, "percent_covered": 100.0, "percent_covered_display": "100", "missing_lines": 0, "excluded_lines": 0}, "missing_lines": [], "excluded_lines": []}, "observe_generation.decorator.apply_pre": {"executed_lines": [735], "summary": {"covered_lines": 1, "num_statements": 1, "percent_covered": 100.0, "percent_covered_display": "100", "missing_lines": 0, "excluded_lines": 0}, "missing_lines": [], "excluded_lines": []}, "observe_generation.decorator.apply_post": {"executed_lines": [738], "summary": {"covered_lines": 1, "num_statements": 1, "percent_covered": 100.0, "percent_covered_display": "100", "missing_lines": 0, "excluded_lines": 0}, "missing_lines": [], "excluded_lines": []}, "observe_retrieval": {"executed_lines": [778, 803], "summary": {"covered_lines": 2, "num_statements": 2, "percent_covered": 100.0, "percent_covered_display": "100", "missing_lines": 0, "excluded_lines": 0}, "missing_lines": [], "excluded_lines": []}, "observe_retrieval.decorator": {"executed_lines": [779, 780, 781, 783, 788], "summary": {"covered_lines": 5, "num_statements": 5, "percent_covered": 100.0, "percent_covered_display": "100", "missing_lines": 0, "excluded_lines": 0}, "missing_lines": [], "excluded_lines": []}, "observe_retrieval.decorator.apply_pre": {"executed_lines": [784, 785, 786], "summary": {"covered_lines": 3, "num_statements": 3, "percent_covered": 100.0, "percent_covered_display": "100", "missing_lines": 0, "excluded_lines": 0}, "missing_lines": [], "excluded_lines": []}, "observe_function": {"executed_lines": [822, 855], "summary": {"covered_lines": 2, "num_statements": 2, "percent_covered": 100.0, "percent_covered_display": "100", "missing_lines": 0, "excluded_lines": 0}, "missing_lines": [], "excluded_lines": []}, "observe_function.decorator": {"executed_lines": [823, 824, 826, 833, 840], "summary": {"covered_lines": 5, "num_statements": 5, "percent_covered": 100.0, "percent_covered_display": "100", "missing_lines": 0, "excluded_lines": 0}, "missing_lines": [], "excluded_lines": []}, "observe_function.decorator.resolve_callable": {"executed_lines": [827, 829, 830, 831], "summary": {"covered_lines": 4, "num_statements": 5, "percent_covered": 80.0, "percent_covered_display": "80", "missing_lines": 1, "excluded_lines": 0}, "missing_lines": [828], "excluded_lines": []}, "observe_function.decorator.apply_pre": {"executed_lines": [834, 835, 836, 837, 838], "summary": {"covered_lines": 5, "num_statements": 5, "percent_covered": 100.0, "percent_covered_display": "100", "missing_lines": 0, "excluded_lines": 0}, "missing_lines": [], "excluded_lines": []}, "observe_tool": {"executed_lines": [873, 897], "summary": {"covered_lines": 2, "num_statements": 2, "percent_covered": 100.0, "percent_covered_display": "100", "missing_lines": 0, "excluded_lines": 0}, "missing_lines": [], "excluded_lines": []}, "observe_tool.decorator": {"executed_lines": [874, 875, 877, 882], "summary": {"covered_lines": 4, "num_statements": 4, "percent_covered": 100.0, "percent_covered_display": "100", "missing_lines": 0, "excluded_lines": 0}, "missing_lines": [], "excluded_lines": []}, "observe_tool.decorator.apply_pre": {"executed_lines": [878, 879, 880], "summary": {"covered_lines": 3, "num_statements": 3, "percent_covered": 100.0, "percent_covered_display": "100", "missing_lines": 0, "excluded_lines": 0}, "missing_lines": [], "excluded_lines": []}, "observe_event": {"executed_lines": [915, 942], "summary": {"covered_lines": 2, "num_statements": 2, "percent_covered": 100.0, "percent_covered_display": "100", "missing_lines": 0, "excluded_lines": 0}, "missing_lines": [], "excluded_lines": []}, "observe_event.decorator": {"executed_lines": [916, 917, 919, 927], "summary": {"covered_lines": 4, "num_statements": 4, "percent_covered": 100.0, "percent_covered_display": "100", "missing_lines": 0, "excluded_lines": 0}, "missing_lines": [], "excluded_lines": []}, "observe_event.decorator.apply_pre": {"executed_lines": [920, 921, 922, 923, 924, 925], "summary": {"covered_lines": 6, "num_statements": 6, "percent_covered": 100.0, "percent_covered_display": "100", "missing_lines": 0, "excluded_lines": 0}, "missing_lines": [], "excluded_lines": []}, "trace_span": {"executed_lines": [966, 971], "summary": {"covered_lines": 2, "num_statements": 2, "percent_covered": 100.0, "percent_covered_display": "100", "missing_lines": 0, "excluded_lines": 0}, "missing_lines": [], "excluded_lines": []}, "trace_generation": {"executed_lines": [1006, 1011], "summary": {"covered_lines": 2, "num_statements": 2, "percent_covered": 100.0, "percent_covered_display": "100", "missing_lines": 0, "excluded_lines": 0}, "missing_lines": [], "excluded_lines": []}, "trace_retrieval": {"executed_lines": [1044, 1049], "summary": {"covered_lines": 2, "num_statements": 2, "percent_covered": 100.0, "percent_covered_display": "100", "missing_lines": 0, "excluded_lines": 0}, "missing_lines": [], "excluded_lines": []}, "trace_function": {"executed_lines": [1082, 1087], "summary": {"covered_lines": 2, "num_statements": 2, "percent_covered": 100.0, "percent_covered_display": "100", "missing_lines": 0, "excluded_lines": 0}, "missing_lines": [], "excluded_lines": []}, "trace_tool": {"executed_lines": [1121, 1126], "summary": {"covered_lines": 2, "num_statements": 2, "percent_covered": 100.0, "percent_covered_display": "100", "missing_lines": 0, "excluded_lines": 0}, "missing_lines": [], "excluded_lines": []}, "trace_event": {"executed_lines": [1159, 1164], "summary": {"covered_lines": 2, "num_statements": 2, "percent_covered": 100.0, "percent_covered_display": "100", "missing_lines": 0, "excluded_lines": 0}, "missing_lines": [], "excluded_lines": []}, "evaluator": {"executed_lines": [], "summary": {"covered_lines": 0, "num_statements": 12, "percent_covered": 0.0, "percent_covered_display": "0", "missing_lines": 12, "excluded_lines": 0}, "missing_lines": [1226, 1227, 1228, 1229, 1231, 1233, 1234, 1235, 1236, 1237, 1239, 1297], "excluded_lines": []}, "evaluator.decorator": {"executed_lines": [], "summary": {"covered_lines": 0, "num_statements": 10, "percent_covered": 0.0, "percent_covered_display": "0", "missing_lines": 10, "excluded_lines": 0}, "missing_lines": [1240, 1242, 1247, 1263, 1265, 1266, 1279, 1281, 1282, 1295], "excluded_lines": []}, "evaluator.decorator._should_attach": {"executed_lines": [], "summary": {"covered_lines": 0, "num_statements": 3, "percent_covered": 0.0, "percent_covered_display": "0", "missing_lines": 3, "excluded_lines": 0}, "missing_lines": [1243, 1244, 1245], "excluded_lines": []}, "evaluator.decorator._resolve_metadata": {"executed_lines": [], "summary": {"covered_lines": 0, "num_statements": 13, "percent_covered": 0.0, "percent_covered_display": "0", "missing_lines": 13, "excluded_lines": 0}, "missing_lines": [1249, 1250, 1251, 1252, 1253, 1254, 1255, 1256, 1257, 1258, 1259, 1260, 1261], "excluded_lines": []}, "evaluator.decorator.async_wrapper": {"executed_lines": [], "summary": {"covered_lines": 0, "num_statements": 7, "percent_covered": 0.0, "percent_covered_display": "0", "missing_lines": 7, "excluded_lines": 0}, "missing_lines": [1267, 1268, 1270, 1273, 1274, 1276, 1277], "excluded_lines": []}, "evaluator.decorator.sync_wrapper": {"executed_lines": [], "summary": {"covered_lines": 0, "num_statements": 7, "percent_covered": 0.0, "percent_covered_display": "0", "missing_lines": 7, "excluded_lines": 0}, "missing_lines": [1283, 1284, 1286, 1289, 1290, 1292, 1293], "excluded_lines": []}, "": {"executed_lines": [1, 3, 5, 6, 7, 8, 9, 10, 11, 12, 14, 16, 22, 25, 28, 31, 34, 37, 42, 43, 45, 46, 47, 48, 49, 50, 52, 53, 56, 59, 97, 109, 125, 153, 182, 208, 223, 361, 370, 377, 382, 389, 394, 401, 408, 413, 424, 468, 489, 501, 510, 664, 701, 764, 806, 858, 900, 946, 986, 1026, 1062, 1102, 1140, 1178], "summary": {"covered_lines": 62, "num_statements": 62, "percent_covered": 100.0, "percent_covered_display": "100", "missing_lines": 0, "excluded_lines": 0}, "missing_lines": [], "excluded_lines": []}}, "classes": {"ObserveKind": {"executed_lines": [], "summary": {"covered_lines": 0, "num_statements": 0, "percent_covered": 100.0, "percent_covered_display": "100", "missing_lines": 0, "excluded_lines": 0}, "missing_lines": [], "excluded_lines": []}, "": {"executed_lines": [1, 3, 5, 6, 7, 8, 9, 10, 11, 12, 14, 16, 22, 25, 28, 31, 34, 37, 42, 43, 45, 46, 47, 48, 49, 50, 52, 53, 56, 59, 87, 88, 89, 94, 97, 109, 118, 119, 120, 125, 132, 133, 135, 136, 137, 153, 160, 161, 162, 163, 164, 165, 166, 168, 182, 190, 191, 192, 198, 199, 201, 203, 204, 208, 215, 216, 223, 244, 246, 248, 249, 250, 251, 252, 253, 254, 255, 256, 258, 268, 274, 283, 284, 285, 286, 287, 288, 289, 291, 292, 294, 295, 302, 304, 305, 306, 307, 308, 309, 310, 311, 312, 314, 324, 330, 339, 340, 341, 342, 343, 344, 345, 346, 347, 348, 350, 351, 358, 361, 362, 364, 365, 366, 367, 370, 371, 372, 373, 377, 378, 379, 382, 383, 384, 385, 389, 390, 391, 394, 395, 396, 397, 398, 401, 402, 403, 404, 408, 409, 410, 413, 414, 416, 417, 418, 419, 424, 425, 427, 430, 431, 432, 446, 449, 450, 451, 452, 453, 454, 455, 456, 457, 468, 469, 470, 471, 480, 482, 483, 484, 485, 486, 489, 490, 492, 493, 494, 495, 496, 497, 498, 501, 502, 503, 504, 505, 506, 507, 510, 574, 577, 578, 591, 592, 603, 604, 617, 618, 630, 631, 643, 644, 658, 664, 680, 681, 682, 698, 701, 731, 732, 734, 735, 737, 738, 740, 741, 743, 761, 764, 778, 779, 780, 781, 783, 784, 785, 786, 788, 803, 806, 822, 823, 824, 826, 827, 829, 830, 831, 833, 834, 835, 836, 837, 838, 840, 855, 858, 873, 874, 875, 877, 878, 879, 880, 882, 897, 900, 915, 916, 917, 919, 920, 921, 922, 923, 924, 925, 927, 942, 946, 966, 971, 986, 1006, 1011, 1026, 1044, 1049, 1062, 1082, 1087, 1102, 1121, 1126, 1140, 1159, 1164, 1178], "summary": {"covered_lines": 297, "num_statements": 444, "percent_covered": 66.89189189189189, "percent_covered_display": "67", "missing_lines": 147, "excluded_lines": 10}, "missing_lines": [90, 91, 92, 93, 102, 103, 104, 105, 106, 121, 122, 134, 138, 139, 140, 141, 142, 143, 144, 145, 150, 167, 169, 170, 171, 172, 173, 174, 179, 193, 194, 195, 196, 200, 202, 205, 217, 218, 219, 220, 269, 272, 273, 275, 280, 281, 290, 293, 325, 328, 329, 331, 336, 337, 349, 363, 374, 386, 405, 415, 420, 421, 426, 428, 433, 434, 435, 436, 437, 438, 439, 440, 441, 442, 443, 444, 447, 458, 459, 460, 462, 463, 464, 465, 472, 473, 474, 475, 476, 477, 478, 479, 481, 491, 828, 1226, 1227, 1228, 1229, 1231, 1233, 1234, 1235, 1236, 1237, 1239, 1240, 1242, 1243, 1244, 1245, 1247, 1249, 1250, 1251, 1252, 1253, 1254, 1255, 1256, 1257, 1258, 1259, 1260, 1261, 1263, 1265, 1266, 1267, 1268, 1270, 1273, 1274, 1276, 1277, 1279, 1281, 1282, 1283, 1284, 1286, 1289, 1290, 1292, 1293, 1295, 1297], "excluded_lines": [296, 297, 298, 299, 300, 352, 353, 354, 355, 356]}}}}, "totals": {"covered_lines": 297, "num_statements": 444, "percent_covered": 66.89189189189189, "percent_covered_display": "67", "missing_lines": 147, "excluded_lines": 10}}